# JRE version: OpenJDK Runtime Environment Temurin-11.0.12+7 (11.0.12+7) (build 11.0.12+7)
# Java VM: OpenJDK 64-Bit Server VM Temurin-11.0.12+7 (11.0.12+7, mixed mode, tiered, compressed oops, g1 gc, windows-amd64)
Heap:
 garbage-first heap   total 189440K, used 79104K [0x00000000e0000000, 0x0000000100000000)
  region size 1024K, 1 young (1024K), 1 survivors (1024K)
 Metaspace       used 23668K, capacity 24028K, committed 24192K, reserved 1071104K
  class space    used 2473K, capacity 2659K, committed 2688K, reserved 1048576K
GC Heap History (20 events):
Event: 3.675 GC heap after
{Heap after GC invocations=11 (full 0):
 garbage-first heap   total 95232K, used 39152K [0x00000000e0000000, 0x0000000100000000)
  region size 1024K, 4 young (4096K), 4 survivors (4096K)
 Metaspace       used 21419K, capacity 21749K, committed 21888K, reserved 1069056K
  class space    used 2191K, capacity 2351K, committed 2432K, reserved 1048576K
}
Event: 3.787 GC heap before
{Heap before GC invocations=11 (full 0):
 garbage-first heap   total 95232K, used 65776K [0x00000000e0000000, 0x0000000100000000)
  region size 1024K, 31 young (31744K), 4 survivors (4096K)
 Metaspace       used 21438K, capacity 21749K, committed 21888K, reserved 1069056K
  class space    used 2191K, capacity 2351K, committed 2432K, reserved 1048576K
}
Event: 3.796 GC heap after
{Heap after GC invocations=12 (full 0):
 garbage-first heap   total 95232K, used 43330K [0x00000000e0000000, 0x0000000100000000)
  region size 1024K, 4 young (4096K), 4 survivors (4096K)
 Metaspace       used 21438K, capacity 21749K, committed 21888K, reserved 1069056K
  class space    used 2191K, capacity 2351K, committed 2432K, reserved 1048576K
}
Event: 3.840 GC heap before
{Heap before GC invocations=12 (full 0):
 garbage-first heap   total 95232K, used 68930K [0x00000000e0000000, 0x0000000100000000)
  region size 1024K, 30 young (30720K), 4 survivors (4096K)
 Metaspace       used 21458K, capacity 21813K, committed 22144K, reserved 1069056K
  class space    used 2191K, capacity 2351K, committed 2432K, reserved 1048576K
}
Event: 3.849 GC heap after
{Heap after GC invocations=13 (full 0):
 garbage-first heap   total 95232K, used 47384K [0x00000000e0000000, 0x0000000100000000)
  region size 1024K, 4 young (4096K), 4 survivors (4096K)
 Metaspace       used 21458K, capacity 21813K, committed 22144K, reserved 1069056K
  class space    used 2191K, capacity 2351K, committed 2432K, reserved 1048576K
}
Event: 3.986 GC heap before
{Heap before GC invocations=13 (full 0):
 garbage-first heap   total 95232K, used 70936K [0x00000000e0000000, 0x0000000100000000)
  region size 1024K, 28 young (28672K), 4 survivors (4096K)
 Metaspace       used 21709K, capacity 22037K, committed 22144K, reserved 1069056K
  class space    used 2225K, capacity 2383K, committed 2432K, reserved 1048576K
}
Event: 4.001 GC heap after
{Heap after GC invocations=14 (full 0):
 garbage-first heap   total 95232K, used 61785K [0x00000000e0000000, 0x0000000100000000)
  region size 1024K, 4 young (4096K), 4 survivors (4096K)
 Metaspace       used 21709K, capacity 22037K, committed 22144K, reserved 1069056K
  class space    used 2225K, capacity 2383K, committed 2432K, reserved 1048576K
}
Event: 4.031 GC heap before
{Heap before GC invocations=14 (full 0):
 garbage-first heap   total 95232K, used 73049K [0x00000000e0000000, 0x0000000100000000)
  region size 1024K, 16 young (16384K), 4 survivors (4096K)
 Metaspace       used 21711K, capacity 22037K, committed 22144K, reserved 1069056K
  class space    used 2225K, capacity 2383K, committed 2432K, reserved 1048576K
}
Event: 4.038 GC heap after
{Heap after GC invocations=15 (full 0):
 garbage-first heap   total 95232K, used 64512K [0x00000000e0000000, 0x0000000100000000)
  region size 1024K, 2 young (2048K), 2 survivors (2048K)
 Metaspace       used 21711K, capacity 22037K, committed 22144K, reserved 1069056K
  class space    used 2225K, capacity 2383K, committed 2432K, reserved 1048576K
}
Event: 4.077 GC heap before
{Heap before GC invocations=15 (full 0):
 garbage-first heap   total 95232K, used 74752K [0x00000000e0000000, 0x0000000100000000)
  region size 1024K, 13 young (13312K), 2 survivors (2048K)
 Metaspace       used 21725K, capacity 22037K, committed 22144K, reserved 1069056K
  class space    used 2225K, capacity 2383K, committed 2432K, reserved 1048576K
}
Event: 4.082 GC heap after
{Heap after GC invocations=16 (full 0):
 garbage-first heap   total 121856K, used 66441K [0x00000000e0000000, 0x0000000100000000)
  region size 1024K, 2 young (2048K), 2 survivors (2048K)
 Metaspace       used 21725K, capacity 22037K, committed 22144K, reserved 1069056K
  class space    used 2225K, capacity 2383K, committed 2432K, reserved 1048576K
}
Event: 4.127 GC heap before
{Heap before GC invocations=17 (full 0):
 garbage-first heap   total 121856K, used 87945K [0x00000000e0000000, 0x0000000100000000)
  region size 1024K, 24 young (24576K), 2 survivors (2048K)
 Metaspace       used 21727K, capacity 22037K, committed 22144K, reserved 1069056K
  class space    used 2225K, capacity 2383K, committed 2432K, reserved 1048576K
}
Event: 4.135 GC heap after
{Heap after GC invocations=18 (full 0):
 garbage-first heap   total 121856K, used 69632K [0x00000000e0000000, 0x0000000100000000)
  region size 1024K, 3 young (3072K), 3 survivors (3072K)
 Metaspace       used 21727K, capacity 22037K, committed 22144K, reserved 1069056K
  class space    used 2225K, capacity 2383K, committed 2432K, reserved 1048576K
}
Event: 4.161 GC heap before
{Heap before GC invocations=18 (full 0):
 garbage-first heap   total 121856K, used 90112K [0x00000000e0000000, 0x0000000100000000)
  region size 1024K, 24 young (24576K), 3 survivors (3072K)
 Metaspace       used 21727K, capacity 22037K, committed 22144K, reserved 1069056K
  class space    used 2225K, capacity 2383K, committed 2432K, reserved 1048576K
}
Event: 4.168 GC heap after
{Heap after GC invocations=19 (full 0):
 garbage-first heap   total 121856K, used 75397K [0x00000000e0000000, 0x0000000100000000)
  region size 1024K, 3 young (3072K), 3 survivors (3072K)
 Metaspace       used 21727K, capacity 22037K, committed 22144K, reserved 1069056K
  class space    used 2225K, capacity 2383K, committed 2432K, reserved 1048576K
}
Event: 4.288 GC heap before
{Heap before GC invocations=20 (full 0):
 garbage-first heap   total 121856K, used 93829K [0x00000000e0000000, 0x0000000100000000)
  region size 1024K, 21 young (21504K), 3 survivors (3072K)
 Metaspace       used 22689K, capacity 22997K, committed 23296K, reserved 1071104K
  class space    used 2355K, capacity 2487K, committed 2560K, reserved 1048576K
}
Event: 4.297 GC heap after
{Heap after GC invocations=21 (full 0):
 garbage-first heap   total 121856K, used 85937K [0x00000000e0000000, 0x0000000100000000)
  region size 1024K, 3 young (3072K), 3 survivors (3072K)
 Metaspace       used 22689K, capacity 22997K, committed 23296K, reserved 1071104K
  class space    used 2355K, capacity 2487K, committed 2560K, reserved 1048576K
}
Event: 4.319 GC heap before
{Heap before GC invocations=21 (full 0):
 garbage-first heap   total 121856K, used 87985K [0x00000000e0000000, 0x0000000100000000)
  region size 1024K, 5 young (5120K), 3 survivors (3072K)
 Metaspace       used 23161K, capacity 23522K, committed 23552K, reserved 1071104K
  class space    used 2410K, capacity 2556K, committed 2560K, reserved 1048576K
}
Event: 4.337 GC heap after
{Heap after GC invocations=22 (full 0):
 garbage-first heap   total 121856K, used 79969K [0x00000000e0000000, 0x0000000100000000)
  region size 1024K, 1 young (1024K), 1 survivors (1024K)
 Metaspace       used 23161K, capacity 23522K, committed 23552K, reserved 1071104K
  class space    used 2410K, capacity 2556K, committed 2560K, reserved 1048576K
}
Event: 4.444 GC heap before
{Heap before GC invocations=22 (full 0):
 garbage-first heap   total 121856K, used 84065K [0x00000000e0000000, 0x0000000100000000)
  region size 1024K, 5 young (5120K), 1 survivors (1024K)
 Metaspace       used 23668K, capacity 24028K, committed 24192K, reserved 1071104K
  class space    used 2473K, capacity 2659K, committed 2688K, reserved 1048576K
}

