# JRE version: OpenJDK Runtime Environment Temurin-11.0.12+7 (11.0.12+7) (build 11.0.12+7)
# Java VM: OpenJDK 64-Bit Server VM Temurin-11.0.12+7 (11.0.12+7, mixed mode, tiered, compressed oops, g1 gc, windows-amd64)
Heap:
 garbage-first heap   total 261120K, used 187437K [0x00000000e0000000, 0x0000000100000000)
  region size 1024K, 32 young (32768K), 3 survivors (3072K)
 Metaspace       used 28535K, capacity 29081K, committed 29312K, reserved 1075200K
  class space    used 2926K, capacity 3162K, committed 3200K, reserved 1048576K
GC Heap History (20 events):
Event: 7.544 GC heap before
{Heap before GC invocations=29 (full 0):
 garbage-first heap   total 190464K, used 135858K [0x00000000e0000000, 0x0000000100000000)
  region size 1024K, 53 young (54272K), 6 survivors (6144K)
 Metaspace       used 26686K, capacity 27186K, committed 27392K, reserved 1073152K
  class space    used 2779K, capacity 3004K, committed 3072K, reserved 1048576K
}
Event: 7.556 GC heap after
{Heap after GC invocations=30 (full 0):
 garbage-first heap   total 190464K, used 97636K [0x00000000e0000000, 0x0000000100000000)
  region size 1024K, 7 young (7168K), 7 survivors (7168K)
 Metaspace       used 26686K, capacity 27186K, committed 27392K, reserved 1073152K
  class space    used 2779K, capacity 3004K, committed 3072K, reserved 1048576K
}
Event: 7.940 GC heap before
{Heap before GC invocations=30 (full 0):
 garbage-first heap   total 190464K, used 164196K [0x00000000e0000000, 0x0000000100000000)
  region size 1024K, 49 young (50176K), 7 survivors (7168K)
 Metaspace       used 26698K, capacity 27186K, committed 27392K, reserved 1073152K
  class space    used 2781K, capacity 3004K, committed 3072K, reserved 1048576K
}
Event: 7.959 GC heap after
{Heap after GC invocations=31 (full 0):
 garbage-first heap   total 194560K, used 123888K [0x00000000e0000000, 0x0000000100000000)
  region size 1024K, 7 young (7168K), 7 survivors (7168K)
 Metaspace       used 26698K, capacity 27186K, committed 27392K, reserved 1073152K
  class space    used 2781K, capacity 3004K, committed 3072K, reserved 1048576K
}
Event: 8.203 GC heap before
{Heap before GC invocations=31 (full 0):
 garbage-first heap   total 194560K, used 159728K [0x00000000e0000000, 0x0000000100000000)
  region size 1024K, 28 young (28672K), 7 survivors (7168K)
 Metaspace       used 27002K, capacity 27458K, committed 27648K, reserved 1073152K
  class space    used 2813K, capacity 3006K, committed 3072K, reserved 1048576K
}
Event: 8.221 GC heap after
{Heap after GC invocations=32 (full 0):
 garbage-first heap   total 261120K, used 142848K [0x00000000e0000000, 0x0000000100000000)
  region size 1024K, 4 young (4096K), 4 survivors (4096K)
 Metaspace       used 27002K, capacity 27458K, committed 27648K, reserved 1073152K
  class space    used 2813K, capacity 3006K, committed 3072K, reserved 1048576K
}
Event: 8.488 GC heap before
{Heap before GC invocations=32 (full 0):
 garbage-first heap   total 261120K, used 179712K [0x00000000e0000000, 0x0000000100000000)
  region size 1024K, 40 young (40960K), 4 survivors (4096K)
 Metaspace       used 27336K, capacity 27865K, committed 28032K, reserved 1075200K
  class space    used 2838K, capacity 3076K, committed 3200K, reserved 1048576K
}
Event: 8.496 GC heap after
{Heap after GC invocations=33 (full 0):
 garbage-first heap   total 261120K, used 149079K [0x00000000e0000000, 0x0000000100000000)
  region size 1024K, 5 young (5120K), 5 survivors (5120K)
 Metaspace       used 27336K, capacity 27865K, committed 28032K, reserved 1075200K
  class space    used 2838K, capacity 3076K, committed 3200K, reserved 1048576K
}
Event: 8.644 GC heap before
{Heap before GC invocations=33 (full 0):
 garbage-first heap   total 261120K, used 186967K [0x00000000e0000000, 0x0000000100000000)
  region size 1024K, 42 young (43008K), 5 survivors (5120K)
 Metaspace       used 27454K, capacity 27993K, committed 28288K, reserved 1075200K
  class space    used 2838K, capacity 3076K, committed 3200K, reserved 1048576K
}
Event: 8.647 GC heap after
{Heap after GC invocations=34 (full 0):
 garbage-first heap   total 261120K, used 150060K [0x00000000e0000000, 0x0000000100000000)
  region size 1024K, 1 young (1024K), 1 survivors (1024K)
 Metaspace       used 27454K, capacity 27993K, committed 28288K, reserved 1075200K
  class space    used 2838K, capacity 3076K, committed 3200K, reserved 1048576K
}
Event: 8.744 GC heap before
{Heap before GC invocations=34 (full 0):
 garbage-first heap   total 261120K, used 191020K [0x00000000e0000000, 0x0000000100000000)
  region size 1024K, 41 young (41984K), 1 survivors (1024K)
 Metaspace       used 27720K, capacity 28200K, committed 28544K, reserved 1075200K
  class space    used 2854K, capacity 3081K, committed 3200K, reserved 1048576K
}
Event: 8.747 GC heap after
{Heap after GC invocations=35 (full 0):
 garbage-first heap   total 261120K, used 151974K [0x00000000e0000000, 0x0000000100000000)
  region size 1024K, 3 young (3072K), 3 survivors (3072K)
 Metaspace       used 27720K, capacity 28200K, committed 28544K, reserved 1075200K
  class space    used 2854K, capacity 3081K, committed 3200K, reserved 1048576K
}
Event: 9.335 GC heap before
{Heap before GC invocations=35 (full 0):
 garbage-first heap   total 261120K, used 207270K [0x00000000e0000000, 0x0000000100000000)
  region size 1024K, 46 young (47104K), 3 survivors (3072K)
 Metaspace       used 28348K, capacity 28848K, committed 29056K, reserved 1075200K
  class space    used 2912K, capacity 3127K, committed 3200K, reserved 1048576K
}
Event: 9.338 GC heap after
{Heap after GC invocations=36 (full 0):
 garbage-first heap   total 261120K, used 156202K [0x00000000e0000000, 0x0000000100000000)
  region size 1024K, 6 young (6144K), 6 survivors (6144K)
 Metaspace       used 28348K, capacity 28848K, committed 29056K, reserved 1075200K
  class space    used 2912K, capacity 3127K, committed 3200K, reserved 1048576K
}
Event: 9.422 GC heap before
{Heap before GC invocations=36 (full 0):
 garbage-first heap   total 261120K, used 201258K [0x00000000e0000000, 0x0000000100000000)
  region size 1024K, 50 young (51200K), 6 survivors (6144K)
 Metaspace       used 28354K, capacity 28848K, committed 29056K, reserved 1075200K
  class space    used 2912K, capacity 3127K, committed 3200K, reserved 1048576K
}
Event: 9.427 GC heap after
{Heap after GC invocations=37 (full 0):
 garbage-first heap   total 261120K, used 159885K [0x00000000e0000000, 0x0000000100000000)
  region size 1024K, 7 young (7168K), 7 survivors (7168K)
 Metaspace       used 28354K, capacity 28848K, committed 29056K, reserved 1075200K
  class space    used 2912K, capacity 3127K, committed 3200K, reserved 1048576K
}
Event: 9.597 GC heap before
{Heap before GC invocations=37 (full 0):
 garbage-first heap   total 261120K, used 204941K [0x00000000e0000000, 0x0000000100000000)
  region size 1024K, 51 young (52224K), 7 survivors (7168K)
 Metaspace       used 28455K, capacity 28979K, committed 29056K, reserved 1075200K
  class space    used 2919K, capacity 3128K, committed 3200K, reserved 1048576K
}
Event: 9.601 GC heap after
{Heap after GC invocations=38 (full 0):
 garbage-first heap   total 261120K, used 158951K [0x00000000e0000000, 0x0000000100000000)
  region size 1024K, 3 young (3072K), 3 survivors (3072K)
 Metaspace       used 28455K, capacity 28979K, committed 29056K, reserved 1075200K
  class space    used 2919K, capacity 3128K, committed 3200K, reserved 1048576K
}
Event: 9.787 GC heap before
{Heap before GC invocations=38 (full 0):
 garbage-first heap   total 261120K, used 207079K [0x00000000e0000000, 0x0000000100000000)
  region size 1024K, 50 young (51200K), 3 survivors (3072K)
 Metaspace       used 28487K, capacity 28982K, committed 29056K, reserved 1075200K
  class space    used 2920K, capacity 3129K, committed 3200K, reserved 1048576K
}
Event: 9.789 GC heap after
{Heap after GC invocations=39 (full 0):
 garbage-first heap   total 261120K, used 158765K [0x00000000e0000000, 0x0000000100000000)
  region size 1024K, 3 young (3072K), 3 survivors (3072K)
 Metaspace       used 28487K, capacity 28982K, committed 29056K, reserved 1075200K
  class space    used 2920K, capacity 3129K, committed 3200K, reserved 1048576K
}

