# JRE version: OpenJDK Runtime Environment Temurin-11.0.12+7 (11.0.12+7) (build 11.0.12+7)
# Java VM: OpenJDK 64-Bit Server VM Temurin-11.0.12+7 (11.0.12+7, mixed mode, tiered, compressed oops, g1 gc, windows-amd64)
Heap:
 garbage-first heap   total 95232K, used 43069K [0x00000000e0000000, 0x0000000100000000)
  region size 1024K, 4 young (4096K), 4 survivors (4096K)
 Metaspace       used 21326K, capacity 21662K, committed 21888K, reserved 1069056K
  class space    used 2170K, capacity 2319K, committed 2432K, reserved 1048576K
GC Heap History (20 events):
Event: 0.814 GC heap after
{Heap after GC invocations=1 (full 0):
 garbage-first heap   total 65536K, used 7037K [0x00000000e0000000, 0x0000000100000000)
  region size 1024K, 3 young (3072K), 3 survivors (3072K)
 Metaspace       used 11831K, capacity 11981K, committed 12288K, reserved 1060864K
  class space    used 1106K, capacity 1203K, committed 1280K, reserved 1048576K
}
Event: 1.389 GC heap before
{Heap before GC invocations=1 (full 0):
 garbage-first heap   total 65536K, used 31613K [0x00000000e0000000, 0x0000000100000000)
  region size 1024K, 28 young (28672K), 3 survivors (3072K)
 Metaspace       used 18926K, capacity 19235K, committed 19584K, reserved 1067008K
  class space    used 1936K, capacity 2075K, committed 2176K, reserved 1048576K
}
Event: 1.399 GC heap after
{Heap after GC invocations=2 (full 0):
 garbage-first heap   total 65536K, used 10417K [0x00000000e0000000, 0x0000000100000000)
  region size 1024K, 4 young (4096K), 4 survivors (4096K)
 Metaspace       used 18926K, capacity 19235K, committed 19584K, reserved 1067008K
  class space    used 1936K, capacity 2075K, committed 2176K, reserved 1048576K
}
Event: 1.834 GC heap before
{Heap before GC invocations=2 (full 0):
 garbage-first heap   total 65536K, used 33969K [0x00000000e0000000, 0x0000000100000000)
  region size 1024K, 28 young (28672K), 4 survivors (4096K)
 Metaspace       used 20308K, capacity 20636K, committed 20736K, reserved 1067008K
  class space    used 2047K, capacity 2215K, committed 2304K, reserved 1048576K
}
Event: 1.846 GC heap after
{Heap after GC invocations=3 (full 0):
 garbage-first heap   total 65536K, used 16086K [0x00000000e0000000, 0x0000000100000000)
  region size 1024K, 4 young (4096K), 4 survivors (4096K)
 Metaspace       used 20308K, capacity 20636K, committed 20736K, reserved 1067008K
  class space    used 2047K, capacity 2215K, committed 2304K, reserved 1048576K
}
Event: 2.049 GC heap before
{Heap before GC invocations=3 (full 0):
 garbage-first heap   total 65536K, used 39638K [0x00000000e0000000, 0x0000000100000000)
  region size 1024K, 27 young (27648K), 4 survivors (4096K)
 Metaspace       used 20434K, capacity 20775K, committed 20992K, reserved 1069056K
  class space    used 2052K, capacity 2217K, committed 2304K, reserved 1048576K
}
Event: 2.062 GC heap after
{Heap after GC invocations=4 (full 0):
 garbage-first heap   total 65536K, used 19968K [0x00000000e0000000, 0x0000000100000000)
  region size 1024K, 4 young (4096K), 4 survivors (4096K)
 Metaspace       used 20434K, capacity 20775K, committed 20992K, reserved 1069056K
  class space    used 2052K, capacity 2217K, committed 2304K, reserved 1048576K
}
Event: 2.317 GC heap before
{Heap before GC invocations=4 (full 0):
 garbage-first heap   total 65536K, used 42496K [0x00000000e0000000, 0x0000000100000000)
  region size 1024K, 26 young (26624K), 4 survivors (4096K)
 Metaspace       used 20469K, capacity 20776K, committed 20992K, reserved 1069056K
  class space    used 2052K, capacity 2217K, committed 2304K, reserved 1048576K
}
Event: 2.326 GC heap after
{Heap after GC invocations=5 (full 0):
 garbage-first heap   total 65536K, used 22482K [0x00000000e0000000, 0x0000000100000000)
  region size 1024K, 3 young (3072K), 3 survivors (3072K)
 Metaspace       used 20469K, capacity 20776K, committed 20992K, reserved 1069056K
  class space    used 2052K, capacity 2217K, committed 2304K, reserved 1048576K
}
Event: 2.530 GC heap before
{Heap before GC invocations=5 (full 0):
 garbage-first heap   total 65536K, used 49106K [0x00000000e0000000, 0x0000000100000000)
  region size 1024K, 25 young (25600K), 3 survivors (3072K)
 Metaspace       used 20759K, capacity 21128K, committed 21248K, reserved 1069056K
  class space    used 2088K, capacity 2249K, committed 2304K, reserved 1048576K
}
Event: 2.538 GC heap after
{Heap after GC invocations=6 (full 0):
 garbage-first heap   total 78848K, used 26402K [0x00000000e0000000, 0x0000000100000000)
  region size 1024K, 3 young (3072K), 3 survivors (3072K)
 Metaspace       used 20759K, capacity 21128K, committed 21248K, reserved 1069056K
  class space    used 2088K, capacity 2249K, committed 2304K, reserved 1048576K
}
Event: 2.737 GC heap before
{Heap before GC invocations=6 (full 0):
 garbage-first heap   total 78848K, used 53026K [0x00000000e0000000, 0x0000000100000000)
  region size 1024K, 29 young (29696K), 3 survivors (3072K)
 Metaspace       used 20764K, capacity 21131K, committed 21248K, reserved 1069056K
  class space    used 2089K, capacity 2250K, committed 2304K, reserved 1048576K
}
Event: 2.748 GC heap after
{Heap after GC invocations=7 (full 0):
 garbage-first heap   total 78848K, used 29978K [0x00000000e0000000, 0x0000000100000000)
  region size 1024K, 4 young (4096K), 4 survivors (4096K)
 Metaspace       used 20764K, capacity 21131K, committed 21248K, reserved 1069056K
  class space    used 2089K, capacity 2250K, committed 2304K, reserved 1048576K
}
Event: 2.947 GC heap before
{Heap before GC invocations=7 (full 0):
 garbage-first heap   total 78848K, used 55578K [0x00000000e0000000, 0x0000000100000000)
  region size 1024K, 29 young (29696K), 4 survivors (4096K)
 Metaspace       used 20765K, capacity 21131K, committed 21248K, reserved 1069056K
  class space    used 2089K, capacity 2250K, committed 2304K, reserved 1048576K
}
Event: 2.958 GC heap after
{Heap after GC invocations=8 (full 0):
 garbage-first heap   total 78848K, used 33336K [0x00000000e0000000, 0x0000000100000000)
  region size 1024K, 4 young (4096K), 4 survivors (4096K)
 Metaspace       used 20765K, capacity 21131K, committed 21248K, reserved 1069056K
  class space    used 2089K, capacity 2250K, committed 2304K, reserved 1048576K
}
Event: 3.099 GC heap before
{Heap before GC invocations=8 (full 0):
 garbage-first heap   total 78848K, used 51768K [0x00000000e0000000, 0x0000000100000000)
  region size 1024K, 23 young (23552K), 4 survivors (4096K)
 Metaspace       used 20832K, capacity 21137K, committed 21248K, reserved 1069056K
  class space    used 2099K, capacity 2251K, committed 2304K, reserved 1048576K
}
Event: 3.108 GC heap after
{Heap after GC invocations=9 (full 0):
 garbage-first heap   total 78848K, used 36311K [0x00000000e0000000, 0x0000000100000000)
  region size 1024K, 3 young (3072K), 3 survivors (3072K)
 Metaspace       used 20832K, capacity 21137K, committed 21248K, reserved 1069056K
  class space    used 2099K, capacity 2251K, committed 2304K, reserved 1048576K
}
Event: 3.435 GC heap before
{Heap before GC invocations=10 (full 0):
 garbage-first heap   total 78848K, used 58839K [0x00000000e0000000, 0x0000000100000000)
  region size 1024K, 26 young (26624K), 3 survivors (3072K)
 Metaspace       used 21326K, capacity 21662K, committed 21888K, reserved 1069056K
  class space    used 2170K, capacity 2319K, committed 2432K, reserved 1048576K
}
Event: 3.444 GC heap after
{Heap after GC invocations=11 (full 0):
 garbage-first heap   total 78848K, used 39536K [0x00000000e0000000, 0x0000000100000000)
  region size 1024K, 4 young (4096K), 4 survivors (4096K)
 Metaspace       used 21326K, capacity 21662K, committed 21888K, reserved 1069056K
  class space    used 2170K, capacity 2319K, committed 2432K, reserved 1048576K
}
Event: 3.532 GC heap before
{Heap before GC invocations=12 (full 0):
 garbage-first heap   total 78848K, used 60016K [0x00000000e0000000, 0x0000000100000000)
  region size 1024K, 25 young (25600K), 4 survivors (4096K)
 Metaspace       used 21326K, capacity 21662K, committed 21888K, reserved 1069056K
  class space    used 2170K, capacity 2319K, committed 2432K, reserved 1048576K
}

