# JRE version: OpenJDK Runtime Environment Temurin-11.0.12+7 (11.0.12+7) (build 11.0.12+7)
# Java VM: OpenJDK 64-Bit Server VM Temurin-11.0.12+7 (11.0.12+7, mixed mode, tiered, compressed oops, g1 gc, windows-amd64)
Heap:
 garbage-first heap   total 150528K, used 98922K [0x00000000e0000000, 0x0000000100000000)
  region size 1024K, 20 young (20480K), 3 survivors (3072K)
 Metaspace       used 26226K, capacity 26623K, committed 26752K, reserved 1073152K
  class space    used 2720K, capacity 2884K, committed 2944K, reserved 1048576K
GC Heap History (20 events):
Event: 3.121 GC heap before
{Heap before GC invocations=12 (full 0):
 garbage-first heap   total 95232K, used 70245K [0x00000000e0000000, 0x0000000100000000)
  region size 1024K, 32 young (32768K), 4 survivors (4096K)
 Metaspace       used 21470K, capacity 21806K, committed 21888K, reserved 1069056K
  class space    used 2191K, capacity 2351K, committed 2432K, reserved 1048576K
}
Event: 3.132 GC heap after
{Heap after GC invocations=13 (full 0):
 garbage-first heap   total 95232K, used 45547K [0x00000000e0000000, 0x0000000100000000)
  region size 1024K, 4 young (4096K), 4 survivors (4096K)
 Metaspace       used 21470K, capacity 21806K, committed 21888K, reserved 1069056K
  class space    used 2191K, capacity 2351K, committed 2432K, reserved 1048576K
}
Event: 3.247 GC heap before
{Heap before GC invocations=13 (full 0):
 garbage-first heap   total 95232K, used 71147K [0x00000000e0000000, 0x0000000100000000)
  region size 1024K, 30 young (30720K), 4 survivors (4096K)
 Metaspace       used 21728K, capacity 22030K, committed 22144K, reserved 1069056K
  class space    used 2225K, capacity 2383K, committed 2432K, reserved 1048576K
}
Event: 3.261 GC heap after
{Heap after GC invocations=14 (full 0):
 garbage-first heap   total 95232K, used 60316K [0x00000000e0000000, 0x0000000100000000)
  region size 1024K, 4 young (4096K), 4 survivors (4096K)
 Metaspace       used 21728K, capacity 22030K, committed 22144K, reserved 1069056K
  class space    used 2225K, capacity 2383K, committed 2432K, reserved 1048576K
}
Event: 3.279 GC heap before
{Heap before GC invocations=14 (full 0):
 garbage-first heap   total 95232K, used 70556K [0x00000000e0000000, 0x0000000100000000)
  region size 1024K, 15 young (15360K), 4 survivors (4096K)
 Metaspace       used 21732K, capacity 22030K, committed 22144K, reserved 1069056K
  class space    used 2225K, capacity 2383K, committed 2432K, reserved 1048576K
}
Event: 3.287 GC heap after
{Heap after GC invocations=15 (full 0):
 garbage-first heap   total 95232K, used 62976K [0x00000000e0000000, 0x0000000100000000)
  region size 1024K, 2 young (2048K), 2 survivors (2048K)
 Metaspace       used 21732K, capacity 22030K, committed 22144K, reserved 1069056K
  class space    used 2225K, capacity 2383K, committed 2432K, reserved 1048576K
}
Event: 3.319 GC heap before
{Heap before GC invocations=15 (full 0):
 garbage-first heap   total 95232K, used 72192K [0x00000000e0000000, 0x0000000100000000)
  region size 1024K, 12 young (12288K), 2 survivors (2048K)
 Metaspace       used 21736K, capacity 22030K, committed 22144K, reserved 1069056K
  class space    used 2225K, capacity 2383K, committed 2432K, reserved 1048576K
}
Event: 3.323 GC heap after
{Heap after GC invocations=16 (full 0):
 garbage-first heap   total 132096K, used 65024K [0x00000000e0000000, 0x0000000100000000)
  region size 1024K, 2 young (2048K), 2 survivors (2048K)
 Metaspace       used 21736K, capacity 22030K, committed 22144K, reserved 1069056K
  class space    used 2225K, capacity 2383K, committed 2432K, reserved 1048576K
}
Event: 3.370 GC heap before
{Heap before GC invocations=17 (full 0):
 garbage-first heap   total 132096K, used 87552K [0x00000000e0000000, 0x0000000100000000)
  region size 1024K, 25 young (25600K), 2 survivors (2048K)
 Metaspace       used 21745K, capacity 22030K, committed 22144K, reserved 1069056K
  class space    used 2225K, capacity 2383K, committed 2432K, reserved 1048576K
}
Event: 3.375 GC heap after
{Heap after GC invocations=18 (full 0):
 garbage-first heap   total 132096K, used 68608K [0x00000000e0000000, 0x0000000100000000)
  region size 1024K, 4 young (4096K), 4 survivors (4096K)
 Metaspace       used 21745K, capacity 22030K, committed 22144K, reserved 1069056K
  class space    used 2225K, capacity 2383K, committed 2432K, reserved 1048576K
}
Event: 3.376 GC heap before
{Heap before GC invocations=18 (full 0):
 garbage-first heap   total 132096K, used 70656K [0x00000000e0000000, 0x0000000100000000)
  region size 1024K, 6 young (6144K), 4 survivors (4096K)
 Metaspace       used 21745K, capacity 22030K, committed 22144K, reserved 1069056K
  class space    used 2225K, capacity 2383K, committed 2432K, reserved 1048576K
}
Event: 3.384 GC heap after
{Heap after GC invocations=19 (full 0):
 garbage-first heap   total 132096K, used 62366K [0x00000000e0000000, 0x0000000100000000)
  region size 1024K, 1 young (1024K), 1 survivors (1024K)
 Metaspace       used 21745K, capacity 22030K, committed 22144K, reserved 1069056K
  class space    used 2225K, capacity 2383K, committed 2432K, reserved 1048576K
}
Event: 3.422 GC heap before
{Heap before GC invocations=19 (full 0):
 garbage-first heap   total 132096K, used 88990K [0x00000000e0000000, 0x0000000100000000)
  region size 1024K, 27 young (27648K), 1 survivors (1024K)
 Metaspace       used 21745K, capacity 22030K, committed 22144K, reserved 1069056K
  class space    used 2225K, capacity 2383K, committed 2432K, reserved 1048576K
}
Event: 3.427 GC heap after
{Heap after GC invocations=20 (full 0):
 garbage-first heap   total 132096K, used 70656K [0x00000000e0000000, 0x0000000100000000)
  region size 1024K, 4 young (4096K), 4 survivors (4096K)
 Metaspace       used 21745K, capacity 22030K, committed 22144K, reserved 1069056K
  class space    used 2225K, capacity 2383K, committed 2432K, reserved 1048576K
}
Event: 3.614 GC heap before
{Heap before GC invocations=21 (full 0):
 garbage-first heap   total 132096K, used 94208K [0x00000000e0000000, 0x0000000100000000)
  region size 1024K, 27 young (27648K), 4 survivors (4096K)
 Metaspace       used 23671K, capacity 24053K, committed 24192K, reserved 1071104K
  class space    used 2470K, capacity 2627K, committed 2688K, reserved 1048576K
}
Event: 3.620 GC heap after
{Heap after GC invocations=22 (full 0):
 garbage-first heap   total 132096K, used 80380K [0x00000000e0000000, 0x0000000100000000)
  region size 1024K, 4 young (4096K), 4 survivors (4096K)
 Metaspace       used 23671K, capacity 24053K, committed 24192K, reserved 1071104K
  class space    used 2470K, capacity 2627K, committed 2688K, reserved 1048576K
}
Event: 3.649 GC heap before
{Heap before GC invocations=22 (full 0):
 garbage-first heap   total 132096K, used 82428K [0x00000000e0000000, 0x0000000100000000)
  region size 1024K, 6 young (6144K), 4 survivors (4096K)
 Metaspace       used 23937K, capacity 24278K, committed 24448K, reserved 1071104K
  class space    used 2497K, capacity 2659K, committed 2688K, reserved 1048576K
}
Event: 3.652 GC heap after
{Heap after GC invocations=23 (full 0):
 garbage-first heap   total 132096K, used 81018K [0x00000000e0000000, 0x0000000100000000)
  region size 1024K, 1 young (1024K), 1 survivors (1024K)
 Metaspace       used 23937K, capacity 24278K, committed 24448K, reserved 1071104K
  class space    used 2497K, capacity 2659K, committed 2688K, reserved 1048576K
}
Event: 3.963 GC heap before
{Heap before GC invocations=23 (full 0):
 garbage-first heap   total 132096K, used 99450K [0x00000000e0000000, 0x0000000100000000)
  region size 1024K, 19 young (19456K), 1 survivors (1024K)
 Metaspace       used 25763K, capacity 26160K, committed 26240K, reserved 1073152K
  class space    used 2685K, capacity 2879K, committed 2944K, reserved 1048576K
}
Event: 3.967 GC heap after
{Heap after GC invocations=24 (full 0):
 garbage-first heap   total 150528K, used 82538K [0x00000000e0000000, 0x0000000100000000)
  region size 1024K, 3 young (3072K), 3 survivors (3072K)
 Metaspace       used 25763K, capacity 26160K, committed 26240K, reserved 1073152K
  class space    used 2685K, capacity 2879K, committed 2944K, reserved 1048576K
}

